0 info it worked if it ends with ok
1 verbose cli [ '/usr/local/bin/node', '/usr/local/bin/npm', 'run', 'devBuild' ]
2 info using npm@2.15.1
3 info using node@v6.1.0
4 verbose run-script [ 'predevBuild', 'devBuild', 'postdevBuild' ]
5 info predevBuild gamehub@0.0.0
6 info devBuild gamehub@0.0.0
7 verbose unsafe-perm in lifecycle true
8 info gamehub@0.0.0 Failed to exec devBuild script
9 verbose stack Error: gamehub@0.0.0 devBuild: `webpack -d --watch`
9 verbose stack Exit status 1
9 verbose stack     at EventEmitter.<anonymous> (/usr/local/lib/node_modules/npm/lib/utils/lifecycle.js:217:16)
9 verbose stack     at emitTwo (events.js:106:13)
9 verbose stack     at EventEmitter.emit (events.js:191:7)
9 verbose stack     at ChildProcess.<anonymous> (/usr/local/lib/node_modules/npm/lib/utils/spawn.js:24:14)
9 verbose stack     at emitTwo (events.js:106:13)
9 verbose stack     at ChildProcess.emit (events.js:191:7)
9 verbose stack     at maybeClose (internal/child_process.js:850:16)
9 verbose stack     at Process.ChildProcess._handle.onexit (internal/child_process.js:215:5)
10 verbose pkgid gamehub@0.0.0
11 verbose cwd /Users/samuelrichards/Development/MakerSquare/Projects/gamehub
12 error Darwin 15.2.0
13 error argv "/usr/local/bin/node" "/usr/local/bin/npm" "run" "devBuild"
14 error node v6.1.0
15 error npm  v2.15.1
16 error code ELIFECYCLE
17 error gamehub@0.0.0 devBuild: `webpack -d --watch`
17 error Exit status 1
18 error Failed at the gamehub@0.0.0 devBuild script 'webpack -d --watch'.
18 error This is most likely a problem with the gamehub package,
18 error not with npm itself.
18 error Tell the author that this fails on your system:
18 error     webpack -d --watch
18 error You can get information on how to open an issue for this project with:
18 error     npm bugs gamehub
18 error Or if that isn't available, you can get their info via:
18 error
18 error     npm owner ls gamehub
18 error There is likely additional logging output above.
19 verbose exit [ 1, true ]
